<?xml version="1.0" encoding="UTF-8"?>
<!-- Generated by org.testng.reporters.JUnitReportReporter -->
<testsuite hostname="LAPTOP-6CFCNL52" failures="0" tests="2" name="utilities.BaseClass" time="14.797" errors="1" timestamp="2021-05-31T11:48:15 IST" skipped="1">
  <testcase classname="utilities.BaseClass" name="intialization1" time="14.797">
    <error message="session not created: This version of ChromeDriver only supports Chrome version 89
Current browser version is 91.0.4472.77 with binary path C:\Program Files\Google\Chrome\Application\chrome.exe
Build info: version: &#039;3.141.59&#039;, revision: &#039;e82be7d358&#039;, time: &#039;2018-11-14T08:17:03&#039;
System info: host: &#039;LAPTOP-6CFCNL52&#039;, ip: &#039;192.168.138.209&#039;, os.name: &#039;Windows 10&#039;, os.arch: &#039;amd64&#039;, os.version: &#039;10.0&#039;, java.version: &#039;15.0.2&#039;
Driver info: driver.version: ChromeDriver
remote stacktrace: Backtrace:
	Ordinal0 [0x0096E7D3+124883]
	Ordinal0 [0x0096E7B1+124849]
	GetHandleVerifier [0x00BB8688+193832]
	GetHandleVerifier [0x00BD3AC5+305509]
	GetHandleVerifier [0x00BD021B+291003]
	GetHandleVerifier [0x00BCE0AC+282444]
	GetHandleVerifier [0x00BF4A90+440624]
	GetHandleVerifier [0x00BF47FC+439964]
	GetHandleVerifier [0x00BF154B+426987]
	GetHandleVerifier [0x00BD4FFD+310941]
	GetHandleVerifier [0x00BD5D8E+314414]
	GetHandleVerifier [0x00BD5D19+314297]
	GetHandleVerifier [0x00C931EC+1089676]
	GetHandleVerifier [0x00C917C9+1082985]
	GetHandleVerifier [0x00C913A3+1081923]
	GetHandleVerifier [0x00D8D9FD+2115741]
	Ordinal0 [0x00ABB82E+1488942]
	Ordinal0 [0x00A55A7D+1071741]
	Ordinal0 [0x00A5559B+1070491]
	Ordinal0 [0x00A554B1+1070257]
	Ordinal0 [0x00A8FF53+1310547]
	BaseThreadInitThunk [0x7765FA29+25]
	RtlGetAppContainerNamedObjectPath [0x77C17A7E+286]
	RtlGetAppContainerNamedObjectPath [0x77C17A4E+238]
" type="org.openqa.selenium.SessionNotCreatedException">
      <![CDATA[org.openqa.selenium.SessionNotCreatedException: session not created: This version of ChromeDriver only supports Chrome version 89
Current browser version is 91.0.4472.77 with binary path C:\Program Files\Google\Chrome\Application\chrome.exe
Build info: version: '3.141.59', revision: 'e82be7d358', time: '2018-11-14T08:17:03'
System info: host: 'LAPTOP-6CFCNL52', ip: '192.168.138.209', os.name: 'Windows 10', os.arch: 'amd64', os.version: '10.0', java.version: '15.0.2'
Driver info: driver.version: ChromeDriver
remote stacktrace: Backtrace:
Ordinal0 [0x0096E7D3+124883]
Ordinal0 [0x0096E7B1+124849]
GetHandleVerifier [0x00BB8688+193832]
GetHandleVerifier [0x00BD3AC5+305509]
GetHandleVerifier [0x00BD021B+291003]
GetHandleVerifier [0x00BCE0AC+282444]
GetHandleVerifier [0x00BF4A90+440624]
GetHandleVerifier [0x00BF47FC+439964]
GetHandleVerifier [0x00BF154B+426987]
GetHandleVerifier [0x00BD4FFD+310941]
GetHandleVerifier [0x00BD5D8E+314414]
GetHandleVerifier [0x00BD5D19+314297]
GetHandleVerifier [0x00C931EC+1089676]
GetHandleVerifier [0x00C917C9+1082985]
GetHandleVerifier [0x00C913A3+1081923]
GetHandleVerifier [0x00D8D9FD+2115741]
Ordinal0 [0x00ABB82E+1488942]
Ordinal0 [0x00A55A7D+1071741]
Ordinal0 [0x00A5559B+1070491]
Ordinal0 [0x00A554B1+1070257]
Ordinal0 [0x00A8FF53+1310547]
BaseThreadInitThunk [0x7765FA29+25]
RtlGetAppContainerNamedObjectPath [0x77C17A7E+286]
RtlGetAppContainerNamedObjectPath [0x77C17A4E+238]

at java.base/jdk.internal.reflect.NativeConstructorAccessorImpl.newInstance0(Native Method)
at java.base/jdk.internal.reflect.NativeConstructorAccessorImpl.newInstance(NativeConstructorAccessorImpl.java:64)
at java.base/jdk.internal.reflect.DelegatingConstructorAccessorImpl.newInstance(DelegatingConstructorAccessorImpl.java:45)
at java.base/java.lang.reflect.Constructor.newInstanceWithCaller(Constructor.java:500)
at java.base/java.lang.reflect.Constructor.newInstance(Constructor.java:481)
at org.openqa.selenium.remote.W3CHandshakeResponse.lambda$errorHandler$0(W3CHandshakeResponse.java:62)
at org.openqa.selenium.remote.HandshakeResponse.lambda$getResponseFunction$0(HandshakeResponse.java:30)
at org.openqa.selenium.remote.ProtocolHandshake.lambda$createSession$0(ProtocolHandshake.java:126)
at java.base/java.util.stream.ReferencePipeline$3$1.accept(ReferencePipeline.java:195)
at java.base/java.util.Spliterators$ArraySpliterator.tryAdvance(Spliterators.java:958)
at java.base/java.util.stream.ReferencePipeline.forEachWithCancel(ReferencePipeline.java:127)
at java.base/java.util.stream.AbstractPipeline.copyIntoWithCancel(AbstractPipeline.java:502)
at java.base/java.util.stream.AbstractPipeline.copyInto(AbstractPipeline.java:488)
at java.base/java.util.stream.AbstractPipeline.wrapAndCopyInto(AbstractPipeline.java:474)
at java.base/java.util.stream.FindOps$FindOp.evaluateSequential(FindOps.java:150)
at java.base/java.util.stream.AbstractPipeline.evaluate(AbstractPipeline.java:234)
at java.base/java.util.stream.ReferencePipeline.findFirst(ReferencePipeline.java:543)
at org.openqa.selenium.remote.ProtocolHandshake.createSession(ProtocolHandshake.java:128)
at org.openqa.selenium.remote.ProtocolHandshake.createSession(ProtocolHandshake.java:74)
at org.openqa.selenium.remote.HttpCommandExecutor.execute(HttpCommandExecutor.java:136)
at org.openqa.selenium.remote.service.DriverCommandExecutor.execute(DriverCommandExecutor.java:83)
at org.openqa.selenium.remote.RemoteWebDriver.execute(RemoteWebDriver.java:552)
at org.openqa.selenium.remote.RemoteWebDriver.startSession(RemoteWebDriver.java:213)
at org.openqa.selenium.remote.RemoteWebDriver.<init>(RemoteWebDriver.java:131)
at org.openqa.selenium.chrome.ChromeDriver.<init>(ChromeDriver.java:181)
at org.openqa.selenium.chrome.ChromeDriver.<init>(ChromeDriver.java:168)
at org.openqa.selenium.chrome.ChromeDriver.<init>(ChromeDriver.java:123)
at utilities.BaseClass.openbrower(BaseClass.java:60)
at utilities.BaseClass.intialization1(BaseClass.java:179)
at java.base/jdk.internal.reflect.NativeMethodAccessorImpl.invoke0(Native Method)
at java.base/jdk.internal.reflect.NativeMethodAccessorImpl.invoke(NativeMethodAccessorImpl.java:64)
at java.base/jdk.internal.reflect.DelegatingMethodAccessorImpl.invoke(DelegatingMethodAccessorImpl.java:43)
at java.base/java.lang.reflect.Method.invoke(Method.java:564)
at org.testng.internal.MethodInvocationHelper.invokeMethod(MethodInvocationHelper.java:132)
at org.testng.internal.MethodInvocationHelper.invokeMethodConsideringTimeout(MethodInvocationHelper.java:61)
at org.testng.internal.ConfigInvoker.invokeConfigurationMethod(ConfigInvoker.java:366)
at org.testng.internal.ConfigInvoker.invokeConfigurations(ConfigInvoker.java:320)
at org.testng.SuiteRunner.privateRun(SuiteRunner.java:327)
at org.testng.SuiteRunner.run(SuiteRunner.java:286)
at org.testng.SuiteRunnerWorker.runSuite(SuiteRunnerWorker.java:53)
at org.testng.SuiteRunnerWorker.run(SuiteRunnerWorker.java:96)
at org.testng.TestNG.runSuitesSequentially(TestNG.java:1218)
at org.testng.TestNG.runSuitesLocally(TestNG.java:1140)
at org.testng.TestNG.runSuites(TestNG.java:1069)
at org.testng.TestNG.run(TestNG.java:1037)
at org.testng.remote.AbstractRemoteTestNG.run(AbstractRemoteTestNG.java:115)
at org.testng.remote.RemoteTestNG.initAndRun(RemoteTestNG.java:251)
at org.testng.remote.RemoteTestNG.main(RemoteTestNG.java:77)
]]>
    </error>
  </testcase> <!-- intialization1 -->
  <system-out/>
  <testcase classname="utilities.BaseClass" name="intialization1" time="0.000">
    <skipped/>
  </testcase> <!-- intialization1 -->
  <system-out/>
</testsuite> <!-- utilities.BaseClass -->
